android/app/proguard/seeds.txt
com.aiku.super_watermark_camera.R$styleable
com.aiku.super_watermark_camera.R$attr
com.aiku.super_watermark_camera.R$animator
com.aiku.super_watermark_camera.R$layout
com.aiku.super_watermark_camera.R$string
com.aiku.super_watermark_camera.R$style
com.aiku.super_watermark_camera.R$drawable
com.aiku.super_watermark_camera.R$color
com.aiku.super_watermark_camera.R$id
com.aiku.super_watermark_camera.R$xml
com.aiku.super_watermark_camera.R$dimen
com.aiku.super_watermark_camera.R$anim
com.aiku.super_watermark_camera.MainActivity
com.aiku.super_watermark_camera.R$integer
com.aiku.super_watermark_camera.R$raw
com.aiku.super_watermark_camera.R$mipmap
com.aiku.super_watermark_camera.R$drawable: int notification_template_icon_low_bg
com.aiku.super_watermark_camera.R$mipmap: int ic_launcher
com.aiku.super_watermark_camera.R$animator: int fragment_open_exit
com.aiku.super_watermark_camera.R$id: int tag_transition_group
com.aiku.super_watermark_camera.R$string: int exo_download_failed
com.aiku.super_watermark_camera.R$dimen: int notification_top_pad_large_text
com.aiku.super_watermark_camera.R$color: int secondary_text_default_material_dark
com.aiku.super_watermark_camera.R$styleable: int[] GradientColorItem
com.aiku.super_watermark_camera.R$id: int ltr
com.aiku.super_watermark_camera.R$drawable: int notification_bg_normal_pressed
com.aiku.super_watermark_camera.R$attr: int tag
com.aiku.super_watermark_camera.R$styleable: int[] FontFamily
com.aiku.super_watermark_camera.R$layout: int notification_template_icon_group
com.aiku.super_watermark_camera.R$id: int accessibility_custom_action_6
com.aiku.super_watermark_camera.R$id: int accessibility_action_clickable_span
com.aiku.super_watermark_camera.R$id: int special_effects_controller_view_tag
com.aiku.super_watermark_camera.R$styleable: int SplitPairFilter_secondaryActivityAction
com.aiku.super_watermark_camera.R$style: int LaunchTheme
com.aiku.super_watermark_camera.R$id: int action0
com.aiku.super_watermark_camera.R$attr: int placeholderActivityName
com.aiku.super_watermark_camera.R$id: int accessibility_custom_action_8
com.aiku.super_watermark_camera.R$attr: int alpha
com.aiku.super_watermark_camera.R$attr: int lStar
com.aiku.super_watermark_camera.R$id: int fill_vertical
com.aiku.super_watermark_camera.R$attr: int fontVariationSettings
com.aiku.super_watermark_camera.R$drawable: int media_session_service_notification_ic_skip_to_previous
com.aiku.super_watermark_camera.R$layout: int notification_template_part_chronometer
com.aiku.super_watermark_camera.R$id: int topToBottom
com.aiku.super_watermark_camera.R$dimen: int compat_control_corner_material
com.aiku.super_watermark_camera.R$id: int time
com.aiku.super_watermark_camera.R$id: int accessibility_custom_action_29
com.aiku.super_watermark_camera.R$styleable: int Fragment_android_id
com.aiku.super_watermark_camera.R$dimen: int notification_action_icon_size
com.aiku.super_watermark_camera.R$color: int call_notification_answer_color
com.aiku.super_watermark_camera.R$string: int exo_download_paused_for_wifi
com.aiku.super_watermark_camera.R$id: int accessibility_custom_action_14
com.aiku.super_watermark_camera.R$attr: int stickyPlaceholder
com.aiku.super_watermark_camera.R$attr: int activityAction
com.aiku.super_watermark_camera.R$drawable: int notification_bg_low_normal
com.aiku.super_watermark_camera.R$string: int androidx_startup
com.aiku.super_watermark_camera.R$styleable: int FontFamilyFont_font
com.aiku.super_watermark_camera.R$dimen: int notification_small_icon_size_as_large
com.aiku.super_watermark_camera.R$attr: int alwaysExpand
com.aiku.super_watermark_camera.R$id: int accessibility_custom_action_15
com.aiku.super_watermark_camera.R$styleable: int ActivityFilter_activityAction
com.aiku.super_watermark_camera.R$id: int glide_custom_view_target_tag
com.aiku.super_watermark_camera.R$styleable: int SplitPairRule_splitMaxAspectRatioInPortrait
com.aiku.super_watermark_camera.R$id: int dialog_button
...
androidx.legacy.coreutils.R$id: int right_icon
com.ryanheise.audio_session.R$string: int androidx_startup
androidx.media3.exoplayer.R$color: int androidx_core_ripple_material_light
androidx.media3.exoplayer.rtsp.R$styleable: int[] GradientColor
androidx.legacy.coreui.R$styleable: int[] FontFamilyFont
androidx.activity.OnBackPressedDispatcher$2: androidx.activity.OnBackPressedDispatcher this$0
io.flutter.plugins.webviewflutter.R$id: int accessibility_custom_action_7
com.arthenica.ffmpegkit.flutter.R$animator: int fragment_close_exit
androidx.slidingpanelayout.R$dimen: int notification_top_pad_large_text
com.amap.api.col.2sl.id$b: com.amap.api.col.2sl.id$b g
androidx.camera.core.impl.SessionConfig$SessionError: androidx.camera.core.impl.SessionConfig$SessionError SESSION_ERROR_UNKNOWN
com.amap.api.location.CoordinateConverter$CoordType: com.amap.api.location.CoordinateConverter$CoordType MAPABC
com.fintasys.emoji_picker_flutter.R$id: int bottomToTop
com.tryingoutsomething.soundmode.sound_mode.R$string: int call_notification_answer_video_action
androidx.coordinatorlayout.R$dimen: int notification_big_circle_margin
com.baseflow.permissionhandler.R$id: int accessibility_custom_action_1
com.amap.flutter.location.R$id: int accessibility_custom_action_12
androidx.media3.exoplayer.R$string: int exo_download_notification_channel_name
io.flutter.plugins.camerax.AnalyzerHostApiImpl: io.flutter.plugin.common.BinaryMessenger binaryMessenger
androidx.media3.exoplayer.hls.R$drawable: int notification_bg_low_normal
io.flutter.FlutterInjector$Builder: io.flutter.embedding.engine.deferredcomponents.DeferredComponentManager deferredComponentManager
androidx.media3.extractor.metadata.scte35.TimeSignalCommand: android.os.Parcelable$Creator CREATOR
com.amap.api.maps2d.AMapException: java.lang.String ERROR_PROTOCOL
io.flutter.plugins.webviewflutter.R$styleable: int FontFamily_fontProviderAuthority
com.fintasys.emoji_picker_flutter.R$attr: int fontVariationSettings
com.google.android.exoplayer2.core.R$id: int accessibility_custom_action_11
dev.fluttercommunity.plus.device_info.R$dimen: int notification_content_margin_start
androidx.media3.exoplayer.R$string: int exo_download_downloading
androidx.coordinatorlayout.R$drawable: int notification_template_icon_bg
io.flutter.embedding.android.KeyData$DeviceType: io.flutter.embedding.android.KeyData$DeviceType kDirectionalPad
androidx.core.R$id: int accessibility_custom_action_23
com.tekartik.sqflite.R$styleable: int GradientColor_android_centerX
com.ryanheise.audio_session.R$string: int call_notification_decline_action
dev.fluttercommunity.plus.packageinfo.R$styleable: int SplitPairRule_splitRatio
io.flutter.embedding.android.FlutterActivityLaunchConfigs$BackgroundMode: io.flutter.embedding.android.FlutterActivityLaunchConfigs$BackgroundMode transparent
io.flutter.plugins.sharedpreferences.SharedPreferencesPlugin$getPrefs$1: java.lang.Object L$1
io.flutter.plugins.camerax.GeneratedCameraXLibrary$DeviceOrientationManagerFlutterApi: io.flutter.plugin.common.BinaryMessenger binaryMessenger
io.flutter.plugins.camerax.R$id: int notification_background
io.flutter.plugins.camerax.GeneratedCameraXLibrary$FlutterError: java.lang.Object details
androidx.media3.exoplayer.source.ClippingMediaSource$IllegalClippingException: int reason
android.support.v4.media.session.MediaSessionCompat: java.lang.String ACTION_ARGUMENT_MEDIA_ID
com.jrai.flutter_keyboard_visibility.R$styleable: int FontFamilyFont_fontWeight
com.tryingoutsomething.soundmode.sound_mode.R$id: int locale
com.ryanheise.audio_session.R$styleable: int SplitPairFilter_secondaryActivityName
com.baseflow.permissionhandler.R$styleable: int GradientColor_android_type
io.flutter.embedding.engine.systemchannels.SpellCheckChannel$1: io.flutter.embedding.engine.systemchannels.SpellCheckChannel this$0
io.flutter.embedding.engine.systemchannels.TextInputChannel$TextInputType: io.flutter.embedding.engine.systemchannels.TextInputChannel$TextInputType NUMBER