android/app/proguard/unused.txt
com.aiku.super_watermark_camera.BuildConfig
com.aiku.super_watermark_camera.R$anim:
    private void <init>()
com.aiku.super_watermark_camera.R$animator:
    private void <init>()
com.aiku.super_watermark_camera.R$attr:
    private void <init>()
com.aiku.super_watermark_camera.R$color:
    private void <init>()
com.aiku.super_watermark_camera.R$dimen:
    private void <init>()
com.aiku.super_watermark_camera.R$drawable:
    private void <init>()
com.aiku.super_watermark_camera.R$id:
    private void <init>()
com.aiku.super_watermark_camera.R$integer:
    private void <init>()
com.aiku.super_watermark_camera.R$layout:
    private void <init>()
com.aiku.super_watermark_camera.R$mipmap:
    private void <init>()
com.aiku.super_watermark_camera.R$raw:
    private void <init>()
com.aiku.super_watermark_camera.R$string:
    private void <init>()
com.aiku.super_watermark_camera.R$style:
    private void <init>()
com.aiku.super_watermark_camera.R$styleable:
    private void <init>()
com.aiku.super_watermark_camera.R$xml:
    private void <init>()
com.aiku.super_watermark_camera.R
...
androidx.vectordrawable.R$layout:
    private void <init>()
androidx.vectordrawable.R$string:
    private void <init>()
androidx.vectordrawable.R$style:
    private void <init>()
androidx.vectordrawable.R$styleable:
    private void <init>()
androidx.vectordrawable.R
androidx.vectordrawable.animated.R$attr:
    private void <init>()
androidx.vectordrawable.animated.R$color:
    private void <init>()
androidx.vectordrawable.animated.R$dimen:
    private void <init>()
androidx.vectordrawable.animated.R$drawable:
    private void <init>()
androidx.vectordrawable.animated.R$id:
    private void <init>()
androidx.vectordrawable.animated.R$integer:
    private void <init>()
androidx.vectordrawable.animated.R$layout:
    private void <init>()
androidx.vectordrawable.animated.R$string:
    private void <init>()
androidx.vectordrawable.animated.R$style:
    private void <init>()
androidx.vectordrawable.animated.R$styleable:
    private void <init>()
androidx.vectordrawable.animated.R
androidx.vectordrawable.graphics.drawable.AndroidResources
androidx.vectordrawable.graphics.drawable.Animatable2Compat$AnimationCallback$1
androidx.vectordrawable.graphics.drawable.Animatable2Compat$AnimationCallback:
    android.graphics.drawable.Animatable2$AnimationCallback mPlatformCallback
    public void <init>()
    android.graphics.drawable.Animatable2$AnimationCallback getPlatformCallback()
    public void onAnimationStart(android.graphics.drawable.Drawable)
androidx.vectordrawable.graphics.drawable.Animatable2Compat
androidx.vectordrawable.graphics.drawable.AnimatedVectorDrawableCompat$1
androidx.vectordrawable.graphics.drawable.AnimatedVectorDrawableCompat$2
androidx.vectordrawable.graphics.drawable.AnimatedVectorDrawableCompat$AnimatedVectorDrawableCompatState
androidx.vectordrawable.graphics.drawable.AnimatedVectorDrawableCompat$AnimatedVectorDrawableDelegateState
androidx.vectordrawable.graphics.drawable.AnimatedVectorDrawableCompat
androidx.vectordrawable.graphics.drawable.AnimationUtilsCompat
androidx.vectordrawable.graphics.drawable.AnimatorInflaterCompat$PathDataEvaluator
androidx.vectordrawable.graphics.drawable.AnimatorInflaterCompat
androidx.vectordrawable.graphics.drawable.ArgbEvaluator
androidx.vectordrawable.graphics.drawable.PathInterpolatorCompat
androidx.vectordrawable.graphics.drawable.VectorDrawableCommon
androidx.vectordrawable.graphics.drawable.VectorDrawableCompat$1
androidx.vectordrawable.graphics.drawable.VectorDrawableCompat$VClipPath
androidx.vectordrawable.graphics.drawable.VectorDrawableCompat$VFullPath
androidx.vectordrawable.graphics.drawable.VectorDrawableCompat$VGroup
androidx.vectordrawable.graphics.drawable.VectorDrawableCompat$VObject
androidx.vectordrawable.graphics.drawable.VectorDrawableCompat$VPath
androidx.vectordrawable.graphics.drawable.VectorDrawableCompat$VPathRenderer
androidx.vectordrawable.graphics.drawable.VectorDrawableCompat$VectorDrawableCompatState
androidx.vectordrawable.graphics.drawable.VectorDrawableCompat$VectorDrawableDelegateState
androidx.vectordrawable.graphics.drawable.VectorDrawableCompat
androidx.versionedparcelable.NonParcelField
androidx.versionedparcelable.ParcelField
androidx.versionedparcelable.ParcelUtils:
    private static final java.lang.String INNER_BUNDLE_KEY
    private void <init>()
    public static androidx.versionedparcelable.VersionedParcelable fromInputStream(java.io.InputStream)
    public static java.util.List getVersionedParcelableList(android.os.Bundle,java.lang.String)
    public static void putVersionedParcelableList(android.os.Bundle,java.lang.String,java.util.List)
    public static void toOutputStream(androidx.versionedparcelable.VersionedParcelable,java.io.OutputStream)
androidx.versionedparcelable.R
androidx.versionedparcelable.VersionedParcel$ParcelException